2022/07/20 12:55:46 [error] 2584#19860: *2 CreateFile() "C:\Users\HezronChelimo\nginx\nginx-1.22.0/html/favicon.ico" failed (2: The system cannot find the file specified), client: 127.0.0.1, server: localhost, request: "GET /favicon.ico HTTP/1.1", host: "localhost", referrer: "http://localhost/"
2022/07/20 13:10:39 [error] 2584#19860: *9 CreateFile() "C:\Users\HezronChelimo\nginx\nginx-1.22.0/html/sources" failed (2: The system cannot find the file specified), client: 127.0.0.1, server: localhost, request: "GET /sources HTTP/1.1", host: "localhost", referrer: "http://localhost/index.js"
2022/07/20 13:10:39 [error] 2584#19860: *8 CreateFile() "C:\Users\HezronChelimo\nginx\nginx-1.22.0/html/shadeLoader" failed (2: The system cannot find the file specified), client: 127.0.0.1, server: localhost, request: "GET /shadeLoader HTTP/1.1", host: "localhost", referrer: "http://localhost/index.js"
2022/07/20 13:10:39 [error] 2584#19860: *9 CreateFile() "C:\Users\HezronChelimo\nginx\nginx-1.22.0/html/buffers" failed (2: The system cannot find the file specified), client: 127.0.0.1, server: localhost, request: "GET /buffers HTTP/1.1", host: "localhost", referrer: "http://localhost/index.js"
2022/07/20 13:10:39 [error] 2584#19860: *8 CreateFile() "C:\Users\HezronChelimo\nginx\nginx-1.22.0/html/scene" failed (2: The system cannot find the file specified), client: 127.0.0.1, server: localhost, request: "GET /scene HTTP/1.1", host: "localhost", referrer: "http://localhost/index.js"
2022/07/20 13:11:12 [notice] 8536#29344: signal process started
2022/07/20 13:11:20 [error] 2584#19860: *8 CreateFile() "C:\Users\HezronChelimo\nginx\nginx-1.22.0/html/sources" failed (2: The system cannot find the file specified), client: 127.0.0.1, server: localhost, request: "GET /sources HTTP/1.1", host: "localhost", referrer: "http://localhost/index.js"
2022/07/20 13:11:20 [error] 2584#19860: *9 CreateFile() "C:\Users\HezronChelimo\nginx\nginx-1.22.0/html/shadeLoader" failed (2: The system cannot find the file specified), client: 127.0.0.1, server: localhost, request: "GET /shadeLoader HTTP/1.1", host: "localhost", referrer: "http://localhost/index.js"
2022/07/20 13:11:20 [error] 2584#19860: *10 CreateFile() "C:\Users\HezronChelimo\nginx\nginx-1.22.0/html/buffers" failed (2: The system cannot find the file specified), client: 127.0.0.1, server: localhost, request: "GET /buffers HTTP/1.1", host: "localhost", referrer: "http://localhost/index.js"
2022/07/20 13:11:20 [error] 2584#19860: *11 CreateFile() "C:\Users\HezronChelimo\nginx\nginx-1.22.0/html/scene" failed (2: The system cannot find the file specified), client: 127.0.0.1, server: localhost, request: "GET /scene HTTP/1.1", host: "localhost", referrer: "http://localhost/index.js"
2022/07/20 13:11:22 [error] 2584#19860: *10 CreateFile() "C:\Users\HezronChelimo\nginx\nginx-1.22.0/html/sources" failed (2: The system cannot find the file specified), client: 127.0.0.1, server: localhost, request: "GET /sources HTTP/1.1", host: "localhost", referrer: "http://localhost/index.js"
2022/07/20 13:11:22 [error] 2584#19860: *11 CreateFile() "C:\Users\HezronChelimo\nginx\nginx-1.22.0/html/shadeLoader" failed (2: The system cannot find the file specified), client: 127.0.0.1, server: localhost, request: "GET /shadeLoader HTTP/1.1", host: "localhost", referrer: "http://localhost/index.js"
2022/07/20 13:11:22 [error] 2584#19860: *8 CreateFile() "C:\Users\HezronChelimo\nginx\nginx-1.22.0/html/buffers" failed (2: The system cannot find the file specified), client: 127.0.0.1, server: localhost, request: "GET /buffers HTTP/1.1", host: "localhost", referrer: "http://localhost/index.js"
2022/07/20 13:11:22 [error] 2584#19860: *9 CreateFile() "C:\Users\HezronChelimo\nginx\nginx-1.22.0/html/scene" failed (2: The system cannot find the file specified), client: 127.0.0.1, server: localhost, request: "GET /scene HTTP/1.1", host: "localhost", referrer: "http://localhost/index.js"
2022/07/20 13:11:36 [error] 2584#19860: *9 CreateFile() "C:\Users\HezronChelimo\nginx\nginx-1.22.0/html/sources" failed (2: The system cannot find the file specified), client: 127.0.0.1, server: localhost, request: "GET /sources HTTP/1.1", host: "localhost", referrer: "http://localhost/index.js"
2022/07/20 13:11:36 [error] 2584#19860: *8 CreateFile() "C:\Users\HezronChelimo\nginx\nginx-1.22.0/html/shadeLoader" failed (2: The system cannot find the file specified), client: 127.0.0.1, server: localhost, request: "GET /shadeLoader HTTP/1.1", host: "localhost", referrer: "http://localhost/index.js"
2022/07/20 13:11:36 [error] 2584#19860: *11 CreateFile() "C:\Users\HezronChelimo\nginx\nginx-1.22.0/html/buffers" failed (2: The system cannot find the file specified), client: 127.0.0.1, server: localhost, request: "GET /buffers HTTP/1.1", host: "localhost", referrer: "http://localhost/index.js"
2022/07/20 13:11:36 [error] 2584#19860: *10 CreateFile() "C:\Users\HezronChelimo\nginx\nginx-1.22.0/html/scene" failed (2: The system cannot find the file specified), client: 127.0.0.1, server: localhost, request: "GET /scene HTTP/1.1", host: "localhost", referrer: "http://localhost/index.js"
2022/07/20 13:15:27 [error] 2584#19860: *12 CreateFile() "C:\Users\HezronChelimo\nginx\nginx-1.22.0/html/sources" failed (2: The system cannot find the file specified), client: 127.0.0.1, server: localhost, request: "GET /sources HTTP/1.1", host: "localhost", referrer: "http://localhost/index.js"
2022/07/20 13:15:27 [error] 2584#19860: *13 CreateFile() "C:\Users\HezronChelimo\nginx\nginx-1.22.0/html/shadeLoader" failed (2: The system cannot find the file specified), client: 127.0.0.1, server: localhost, request: "GET /shadeLoader HTTP/1.1", host: "localhost", referrer: "http://localhost/index.js"
2022/07/20 13:15:27 [error] 2584#19860: *12 CreateFile() "C:\Users\HezronChelimo\nginx\nginx-1.22.0/html/buffers" failed (2: The system cannot find the file specified), client: 127.0.0.1, server: localhost, request: "GET /buffers HTTP/1.1", host: "localhost", referrer: "http://localhost/index.js"
2022/07/20 13:15:27 [error] 2584#19860: *13 CreateFile() "C:\Users\HezronChelimo\nginx\nginx-1.22.0/html/scene" failed (2: The system cannot find the file specified), client: 127.0.0.1, server: localhost, request: "GET /scene HTTP/1.1", host: "localhost", referrer: "http://localhost/index.js"
2022/07/20 13:16:23 [error] 2584#19860: *13 CreateFile() "C:\Users\HezronChelimo\nginx\nginx-1.22.0/html/sources" failed (2: The system cannot find the file specified), client: 127.0.0.1, server: localhost, request: "GET /sources HTTP/1.1", host: "localhost", referrer: "http://localhost/index.js"
2022/07/20 13:16:23 [error] 2584#19860: *12 CreateFile() "C:\Users\HezronChelimo\nginx\nginx-1.22.0/html/shadeLoader" failed (2: The system cannot find the file specified), client: 127.0.0.1, server: localhost, request: "GET /shadeLoader HTTP/1.1", host: "localhost", referrer: "http://localhost/index.js"
2022/07/20 13:16:23 [error] 2584#19860: *14 CreateFile() "C:\Users\HezronChelimo\nginx\nginx-1.22.0/html/buffers" failed (2: The system cannot find the file specified), client: 127.0.0.1, server: localhost, request: "GET /buffers HTTP/1.1", host: "localhost", referrer: "http://localhost/index.js"
2022/07/20 13:16:23 [error] 2584#19860: *15 CreateFile() "C:\Users\HezronChelimo\nginx\nginx-1.22.0/html/scene" failed (2: The system cannot find the file specified), client: 127.0.0.1, server: localhost, request: "GET /scene HTTP/1.1", host: "localhost", referrer: "http://localhost/index.js"
2022/07/20 13:16:25 [error] 2584#19860: *15 CreateFile() "C:\Users\HezronChelimo\nginx\nginx-1.22.0/html/sources" failed (2: The system cannot find the file specified), client: 127.0.0.1, server: localhost, request: "GET /sources HTTP/1.1", host: "localhost", referrer: "http://localhost/index.js"
2022/07/20 13:16:25 [error] 2584#19860: *13 CreateFile() "C:\Users\HezronChelimo\nginx\nginx-1.22.0/html/scene" failed (2: The system cannot find the file specified), client: 127.0.0.1, server: localhost, request: "GET /scene HTTP/1.1", host: "localhost", referrer: "http://localhost/index.js"
2022/07/20 13:16:25 [error] 2584#19860: *12 CreateFile() "C:\Users\HezronChelimo\nginx\nginx-1.22.0/html/buffers" failed (2: The system cannot find the file specified), client: 127.0.0.1, server: localhost, request: "GET /buffers HTTP/1.1", host: "localhost", referrer: "http://localhost/index.js"
2022/07/20 13:16:25 [error] 2584#19860: *14 CreateFile() "C:\Users\HezronChelimo\nginx\nginx-1.22.0/html/shadeLoader" failed (2: The system cannot find the file specified), client: 127.0.0.1, server: localhost, request: "GET /shadeLoader HTTP/1.1", host: "localhost", referrer: "http://localhost/index.js"
2022/07/20 13:16:34 [notice] 23920#30284: signal process started
2022/07/20 13:16:40 [error] 2584#19860: *14 CreateFile() "C:\Users\HezronChelimo\nginx\nginx-1.22.0/html/sources" failed (2: The system cannot find the file specified), client: 127.0.0.1, server: localhost, request: "GET /sources HTTP/1.1", host: "localhost", referrer: "http://localhost/index.js"
2022/07/20 13:16:40 [error] 2584#19860: *13 CreateFile() "C:\Users\HezronChelimo\nginx\nginx-1.22.0/html/shadeLoader" failed (2: The system cannot find the file specified), client: 127.0.0.1, server: localhost, request: "GET /shadeLoader HTTP/1.1", host: "localhost", referrer: "http://localhost/index.js"
2022/07/20 13:16:40 [error] 2584#19860: *12 CreateFile() "C:\Users\HezronChelimo\nginx\nginx-1.22.0/html/buffers" failed (2: The system cannot find the file specified), client: 127.0.0.1, server: localhost, request: "GET /buffers HTTP/1.1", host: "localhost", referrer: "http://localhost/index.js"
2022/07/20 13:16:40 [error] 2584#19860: *15 CreateFile() "C:\Users\HezronChelimo\nginx\nginx-1.22.0/html/scene" failed (2: The system cannot find the file specified), client: 127.0.0.1, server: localhost, request: "GET /scene HTTP/1.1", host: "localhost", referrer: "http://localhost/index.js"
2022/07/20 15:13:04 [notice] 14724#9292: signal process started
2022/07/20 15:13:13 [error] 2584#19860: *18 directory index of "C:\Users\HezronChelimo\nginx\nginx-1.22.0/html/" is forbidden, client: 127.0.0.1, server: localhost, request: "GET / HTTP/1.1", host: "localhost"
2022/07/20 15:13:22 [error] 2584#19860: *18 directory index of "C:\Users\HezronChelimo\nginx\nginx-1.22.0/html/" is forbidden, client: 127.0.0.1, server: localhost, request: "GET / HTTP/1.1", host: "localhost"
2022/07/20 15:13:42 [notice] 23624#11676: signal process started
2022/07/20 15:20:54 [notice] 29168#14044: signal process started
2022/07/20 15:22:42 [notice] 29336#14056: signal process started
2022/07/20 15:24:28 [error] 2584#19860: *31 directory index of "C:\Users\HezronChelimo\nginx\nginx-1.22.0/html/" is forbidden, client: 127.0.0.1, server: localhost, request: "GET / HTTP/1.1", host: "localhost"
2022/07/20 15:46:09 [notice] 12036#20372: signal process started
2022/07/20 15:48:47 [notice] 10756#9748: signal process started
2022/07/20 15:51:56 [notice] 25648#23564: signal process started
2022/07/20 16:00:29 [notice] 29920#29668: signal process started
2022/07/20 16:06:50 [notice] 24512#21644: signal process started
2022/07/20 16:09:41 [notice] 7880#20376: signal process started
2022/07/20 16:10:35 [notice] 7952#22364: signal process started
2022/07/20 16:12:09 [notice] 25572#11268: signal process started
2022/07/20 16:14:02 [notice] 24220#15540: signal process started
2022/07/20 16:17:48 [notice] 19416#25344: signal process started
2022/07/20 16:25:48 [notice] 14756#21820: signal process started
2022/07/20 16:27:45 [notice] 12660#28780: signal process started
2022/07/20 16:27:51 [error] 2584#19860: *76 CreateFile() "C:\Users\HezronChelimo\nginx\nginx-1.22.0/html/webgl-demo.js" failed (2: The system cannot find the file specified), client: 127.0.0.1, server: localhost, request: "GET /webgl-demo.js HTTP/1.1", host: "localhost", referrer: "http://localhost/"
2022/07/20 16:27:53 [error] 2584#19860: *76 CreateFile() "C:\Users\HezronChelimo\nginx\nginx-1.22.0/html/webgl-demo.js" failed (2: The system cannot find the file specified), client: 127.0.0.1, server: localhost, request: "GET /webgl-demo.js HTTP/1.1", host: "localhost", referrer: "http://localhost/"
2022/07/20 16:28:04 [error] 2584#19860: *77 CreateFile() "C:\Users\HezronChelimo\nginx\nginx-1.22.0/html/webgl-demo.js" failed (2: The system cannot find the file specified), client: 127.0.0.1, server: localhost, request: "GET /webgl-demo.js HTTP/1.1", host: "localhost", referrer: "http://localhost/"
2022/07/20 16:28:52 [notice] 10600#30856: signal process started
2022/07/20 16:30:29 [notice] 18308#29304: signal process started
2022/07/21 12:41:21 [notice] 32024#22648: signal process started
2022/07/21 12:42:11 [notice] 25324#2248: signal process started
2022/07/21 12:44:19 [notice] 17188#23348: signal process started
2022/07/21 12:48:20 [notice] 19360#24380: signal process started
2022/07/21 12:53:06 [notice] 20284#29312: signal process started
2022/07/21 12:55:10 [notice] 31184#32048: signal process started
2022/07/21 12:59:36 [notice] 27508#16540: signal process started
2022/07/21 13:01:48 [notice] 18572#500: signal process started
2022/07/21 13:02:52 [notice] 3172#16868: signal process started
2022/07/21 13:03:14 [notice] 5204#22244: signal process started
2022/07/21 13:07:01 [notice] 26656#30272: signal process started
2022/07/21 13:08:02 [notice] 23088#28396: signal process started
2022/07/21 13:10:08 [notice] 32268#25936: signal process started
2022/07/21 13:11:03 [notice] 3832#32204: signal process started
2022/07/21 13:12:53 [notice] 8784#21092: signal process started
2022/07/21 13:23:10 [notice] 11900#8008: signal process started
2022/07/21 13:24:02 [notice] 27704#17140: signal process started
2022/07/21 13:27:15 [notice] 5492#21888: signal process started
2022/07/21 13:28:22 [notice] 22624#11832: signal process started
2022/07/21 13:31:19 [notice] 22020#9992: signal process started
2022/07/21 13:32:44 [notice] 2492#15976: signal process started
2022/07/21 13:34:38 [notice] 29024#28956: signal process started
2022/07/21 13:35:25 [notice] 22724#28624: signal process started
2022/07/21 13:36:29 [notice] 20916#3424: signal process started
2022/07/21 13:41:47 [notice] 19332#17248: signal process started
2022/07/21 14:50:58 [notice] 30176#2244: signal process started
2022/07/21 14:51:34 [notice] 15532#11104: signal process started
2022/07/21 14:54:54 [notice] 29428#13732: signal process started
2022/07/21 14:56:09 [notice] 2884#15276: signal process started
2022/07/21 15:02:17 [notice] 23032#19064: signal process started
2022/07/21 15:04:40 [notice] 28924#19948: signal process started
2022/07/21 15:05:37 [notice] 19332#27364: signal process started
2022/07/21 15:06:01 [notice] 20804#23564: signal process started
2022/07/21 15:07:11 [notice] 12896#25968: signal process started
2022/07/21 15:08:12 [notice] 14624#30320: signal process started
2022/07/21 15:08:35 [notice] 7372#22568: signal process started
2022/07/21 15:14:30 [notice] 13836#21620: signal process started
2022/07/21 15:17:41 [notice] 32392#9800: signal process started
2022/07/21 15:18:15 [notice] 10452#25812: signal process started
2022/07/21 15:18:46 [notice] 32228#14700: signal process started
2022/07/21 15:24:07 [notice] 24744#24180: signal process started
2022/07/21 15:24:35 [notice] 30016#13300: signal process started
2022/07/21 15:25:18 [notice] 26772#28472: signal process started
2022/07/21 15:26:14 [notice] 25716#7340: signal process started
2022/07/21 15:26:48 [notice] 22604#32392: signal process started
2022/07/21 15:27:07 [notice] 32756#4836: signal process started
2022/07/21 15:44:48 [notice] 14892#25212: signal process started
2022/07/21 15:51:19 [notice] 22612#12544: signal process started
2022/07/21 16:22:15 [notice] 8372#9428: signal process started
2022/07/21 16:22:58 [notice] 27956#31140: signal process started
2022/07/21 16:23:32 [notice] 9696#21940: signal process started
2022/07/21 16:23:59 [notice] 3408#28848: signal process started
2022/07/21 16:28:00 [notice] 31888#24972: signal process started
2022/07/21 16:30:18 [notice] 27864#29840: signal process started
2022/07/21 16:34:19 [notice] 29204#27120: signal process started
2022/07/21 16:43:58 [notice] 27584#1492: signal process started
2022/07/21 16:45:15 [notice] 23628#22252: signal process started
2022/07/21 16:47:01 [notice] 29400#21180: signal process started
2022/07/21 17:02:29 [notice] 23136#7316: signal process started
2022/07/21 17:04:43 [notice] 19112#6976: signal process started
2022/07/21 17:06:22 [notice] 22520#23000: signal process started
2022/07/21 17:08:14 [notice] 2872#25616: signal process started
2022/07/21 17:08:36 [notice] 13412#27104: signal process started
2022/07/21 17:09:40 [notice] 9724#2608: signal process started
2022/07/21 17:10:42 [notice] 19408#25196: signal process started
2022/07/21 17:15:58 [notice] 32508#13424: signal process started
2022/07/21 17:16:24 [notice] 21136#26176: signal process started
2022/07/21 17:16:59 [notice] 2412#20120: signal process started
2022/07/21 17:17:55 [notice] 4892#2120: signal process started
2022/07/21 17:18:25 [notice] 26096#28700: signal process started
2022/07/21 17:21:34 [notice] 3088#6784: signal process started
2022/07/21 17:22:14 [notice] 25644#27536: signal process started
2022/07/21 17:30:54 [notice] 1604#32240: signal process started
2022/07/21 17:32:28 [notice] 7336#31716: signal process started
2022/07/21 17:39:56 [notice] 22780#2916: signal process started
2022/07/21 17:41:01 [notice] 10132#24596: signal process started
2022/07/21 17:46:23 [notice] 22132#32316: signal process started
2022/07/21 17:48:04 [notice] 26516#24460: signal process started
2022/07/21 17:50:06 [notice] 9992#24436: signal process started
2022/07/21 17:51:51 [notice] 2576#16904: signal process started
2022/07/21 17:53:21 [notice] 29672#10080: signal process started
2022/07/21 17:54:39 [notice] 15208#12728: signal process started
2022/07/21 17:59:47 [notice] 7748#22268: signal process started
2022/07/21 18:01:59 [notice] 11596#1608: signal process started
2022/07/21 18:03:54 [notice] 1068#15016: signal process started
2022/07/21 18:07:03 [notice] 28016#10656: signal process started
2022/07/21 18:08:46 [notice] 5784#6956: signal process started
2022/07/21 18:10:19 [notice] 15672#24448: signal process started
2022/07/21 18:12:17 [notice] 20916#3700: signal process started
2022/07/21 18:17:53 [notice] 29452#6612: signal process started
2022/07/21 18:21:12 [notice] 26604#31016: signal process started
2022/07/21 18:23:10 [notice] 23572#16596: signal process started
2022/07/21 18:27:03 [notice] 27420#19044: signal process started
2022/07/21 18:29:02 [notice] 18120#14880: signal process started
2022/07/21 18:31:08 [notice] 20880#3160: signal process started
2022/07/21 18:33:48 [notice] 3476#6952: signal process started
2022/07/21 18:34:10 [notice] 15984#27456: signal process started
2022/07/21 18:36:01 [notice] 10216#3016: signal process started
2022/07/21 18:38:02 [notice] 14428#16960: signal process started
2022/07/21 18:38:36 [notice] 25384#19892: signal process started
2022/07/21 18:40:20 [notice] 29972#29712: signal process started
2022/07/21 18:41:14 [notice] 18968#4596: signal process started
2022/07/21 18:46:01 [notice] 23892#22144: signal process started
2022/07/21 18:46:47 [notice] 32372#25688: signal process started
2022/07/21 18:49:01 [notice] 7632#31888: signal process started
2022/07/21 18:50:04 [notice] 3132#7620: signal process started
2022/07/21 18:50:34 [notice] 14676#13424: signal process started
2022/07/21 18:51:31 [notice] 21512#12480: signal process started
2022/07/21 18:51:58 [notice] 22224#2500: signal process started
2022/07/21 18:53:06 [notice] 336#26492: signal process started
2022/07/21 18:54:57 [notice] 31592#24068: signal process started
2022/07/21 18:56:26 [notice] 16368#15292: signal process started
2022/07/21 18:59:49 [notice] 22020#19992: signal process started
2022/07/21 19:01:15 [notice] 22632#12624: signal process started
2022/07/21 19:02:38 [notice] 28924#26448: signal process started
2022/07/21 19:04:11 [notice] 19412#18544: signal process started
2022/07/21 19:06:26 [notice] 12724#24372: signal process started
2022/07/21 19:07:51 [notice] 12912#6328: signal process started
2022/07/21 19:09:11 [notice] 29220#19888: signal process started
2022/07/21 19:09:51 [notice] 23284#16180: signal process started
2022/07/21 19:10:41 [notice] 7084#23356: signal process started
2022/07/21 19:11:57 [notice] 31036#12868: signal process started
2022/07/21 19:12:41 [notice] 24436#13936: signal process started
2022/07/21 19:13:30 [notice] 12088#12832: signal process started
2022/07/21 19:14:12 [notice] 3172#25536: signal process started
2022/07/21 19:19:42 [notice] 5092#14680: signal process started
2022/07/21 19:20:07 [notice] 29208#10396: signal process started
2022/07/21 19:20:29 [notice] 15812#16360: signal process started
2022/07/21 19:20:58 [notice] 27500#19404: signal process started
2022/07/21 19:21:47 [notice] 17716#18492: signal process started
2022/07/21 19:23:06 [notice] 26868#21424: signal process started
2022/07/21 19:23:56 [notice] 16632#10628: signal process started
2022/07/21 19:24:38 [notice] 17436#26192: signal process started
2022/07/21 19:25:08 [notice] 24700#26404: signal process started
2022/07/21 19:25:42 [notice] 31368#20132: signal process started
2022/07/21 19:26:20 [notice] 29728#30316: signal process started
2022/07/21 19:26:50 [notice] 28044#32440: signal process started
2022/07/21 19:27:28 [notice] 31028#2104: signal process started
2022/07/21 19:28:14 [notice] 27768#29316: signal process started
2022/07/21 19:30:03 [notice] 16756#2412: signal process started
2022/07/21 19:31:09 [notice] 8540#23396: signal process started
